Build started 22/05/2012 1:37:08.
     1>Project "D:\Kuliah\Semester 8\Grafika Komputer\Tugas\Tugas-Kelompok-1\GrafkomSolution\Tugas-Kelompok1\Tugas-Kelompok1.vcxproj" on node 2 (build target(s)).
     1>InitializeBuildStatus:
         Creating "Debug\Tugas-Kelompok1.unsuccessfulbuild" because "AlwaysCreate" was specified.
       ClCompile:
         All outputs are up-to-date.
         c:\Program Files\Microsoft Visual Studio 10.0\VC\bin\CL.exe /c /ZI /nologo /W3 /WX- /Od /Oy- /D WIN32 /D _DEBUG /D _CONSOLE /D _UNICODE /D UNICODE /Gm /EHsc /RTC1 /MDd /GS /fp:precise /Zc:wchar_t /Zc:forScope /Yu"StdAfx.h" /Fp"Debug\Tugas-Kelompok1.pch" /Fo"Debug\\" /Fd"Debug\vc100.pdb" /Gd /TP /analyze- /errorReport:prompt "Tugas-Kelompok1.cpp"
         Tugas-Kelompok1.cpp
       ManifestResourceCompile:
         All outputs are up-to-date.
       Link:
         c:\Program Files\Microsoft Visual Studio 10.0\VC\bin\link.exe /ERRORREPORT:PROMPT /OUT:"D:\Kuliah\Semester 8\Grafika Komputer\Tugas\Tugas-Kelompok-1\GrafkomSolution\Debug\Tugas-Kelompok1.exe" /INCREMENTAL /NOLOGO kernel32.lib user32.lib gdi32.lib winspool.lib comdlg32.lib advapi32.lib shell32.lib ole32.lib oleaut32.lib uuid.lib odbc32.lib odbccp32.lib /MANIFEST /ManifestFile:"Debug\Tugas-Kelompok1.exe.intermediate.manifest" /MANIFESTUAC:"level='asInvoker' uiAccess='false'" /DEBUG /PDB:"D:\Kuliah\Semester 8\Grafika Komputer\Tugas\Tugas-Kelompok-1\GrafkomSolution\Debug\Tugas-Kelompok1.pdb" /SUBSYSTEM:CONSOLE /TLBID:1 /DYNAMICBASE /NXCOMPAT /IMPLIB:"D:\Kuliah\Semester 8\Grafika Komputer\Tugas\Tugas-Kelompok-1\GrafkomSolution\Debug\Tugas-Kelompok1.lib" /MACHINE:X86 "Debug\Tugas-Kelompok1.exe.embed.manifest.res"
         Debug\stdafx.obj
         "Debug\Tugas-Kelompok1.obj"
       Manifest:
         C:\Program Files\Microsoft SDKs\Windows\v7.0A\bin\mt.exe /nologo /verbose /out:"Debug\Tugas-Kelompok1.exe.embed.manifest" /manifest "Debug\Tugas-Kelompok1.exe.intermediate.manifest"
         All outputs are up-to-date.
       LinkEmbedManifest:
         All outputs are up-to-date.
         Tugas-Kelompok1.vcxproj -> D:\Kuliah\Semester 8\Grafika Komputer\Tugas\Tugas-Kelompok-1\GrafkomSolution\Debug\Tugas-Kelompok1.exe
       FinalizeBuildStatus:
         Deleting file "Debug\Tugas-Kelompok1.unsuccessfulbuild".
         Touching "Debug\Tugas-Kelompok1.lastbuildstate".
     1>Done Building Project "D:\Kuliah\Semester 8\Grafika Komputer\Tugas\Tugas-Kelompok-1\GrafkomSolution\Tugas-Kelompok1\Tugas-Kelompok1.vcxproj" (build target(s)).

Build succeeded.

Time Elapsed 00:00:01.62
